[2026-05-05 22:15:38] info: 	z2m: Logging to console, file (filename: log.log)
[2026-05-05 22:15:38] info: 	z2m: Starting Zigbee2MQTT version 2.10.0 (commit #unknown)
[2026-05-05 22:15:38] info: 	z2m: Starting zigbee-herdsman (10.0.7)
[2026-05-05 22:15:38] info: 	zh:adapter:discovery: Matched adapter: {"path":"/dev/ttyUSB0","manufacturer":"SONOFF","serialNumber":"2a1fe9e77aa0f011b15f2681bb936ffa","pnpId":"usb-SONOFF_SONOFF_Dongle_Max_MG24_2a1fe9e77aa0f011b15f2681bb936ffa-if00-port0","vendorId":"10c4","productId":"ea60"} => ember: 4
[2026-05-05 22:15:38] info: 	zh:ember: Using default stack config.
[2026-05-05 22:15:38] info: 	zh:ember: ======== Ember Adapter Starting ========
[2026-05-05 22:15:38] info: 	zh:ember:ezsp: ======== EZSP starting ========
[2026-05-05 22:15:38] info: 	zh:ember:uart:ash: ======== ASH Adapter reset ========
[2026-05-05 22:15:38] info: 	zh:ember:uart:ash: RTS/CTS config is off, enabling software flow control.
[2026-05-05 22:15:38] info: 	zh:ember:uart:ash: ASH COUNTERS since last clear:
[2026-05-05 22:15:38] info: 	zh:ember:uart:ash:   Total frames: RX=0, TX=0
[2026-05-05 22:15:38] info: 	zh:ember:uart:ash:   Cancelled   : RX=0, TX=0
[2026-05-05 22:15:38] info: 	zh:ember:uart:ash:   DATA frames : RX=0, TX=0
[2026-05-05 22:15:38] info: 	zh:ember:uart:ash:   DATA bytes  : RX=0, TX=0
[2026-05-05 22:15:38] info: 	zh:ember:uart:ash:   Retry frames: RX=0, TX=0
[2026-05-05 22:15:38] info: 	zh:ember:uart:ash:   ACK frames  : RX=0, TX=0
[2026-05-05 22:15:38] info: 	zh:ember:uart:ash:   NAK frames  : RX=0, TX=0
[2026-05-05 22:15:38] info: 	zh:ember:uart:ash:   nRdy frames : RX=0, TX=0
[2026-05-05 22:15:38] info: 	zh:ember:uart:ash:   CRC errors      : RX=0
[2026-05-05 22:15:38] info: 	zh:ember:uart:ash:   Comm errors     : RX=0
[2026-05-05 22:15:38] info: 	zh:ember:uart:ash:   Length < minimum: RX=0
[2026-05-05 22:15:38] info: 	zh:ember:uart:ash:   Length > maximum: RX=0
[2026-05-05 22:15:38] info: 	zh:ember:uart:ash:   Bad controls    : RX=0
[2026-05-05 22:15:38] info: 	zh:ember:uart:ash:   Bad lengths     : RX=0
[2026-05-05 22:15:38] info: 	zh:ember:uart:ash:   Bad ACK numbers : RX=0
[2026-05-05 22:15:38] info: 	zh:ember:uart:ash:   Out of buffers  : RX=0
[2026-05-05 22:15:38] info: 	zh:ember:uart:ash:   Retry dupes     : RX=0
[2026-05-05 22:15:38] info: 	zh:ember:uart:ash:   Out of sequence : RX=0
[2026-05-05 22:15:38] info: 	zh:ember:uart:ash:   ACK timeouts    : RX=0
[2026-05-05 22:15:38] info: 	zh:ember:uart:ash: ======== ASH stopped ========
[2026-05-05 22:15:38] error: 	zh:ember:uart:ash: Failed to init port with error Error: Error Resource temporarily unavailable Cannot lock port
[2026-05-05 22:15:38] error: 	z2m: Error while starting zigbee-herdsman
[2026-05-05 22:15:38] error: 	z2m: Failed to start zigbee-herdsman
[2026-05-05 22:15:38] error: 	z2m: Check https://www.zigbee2mqtt.io/guide/installation/20_zigbee2mqtt-fails-to-start_crashes-runtime.html for possible solutions
[2026-05-05 22:15:38] error: 	z2m: Exiting...
[2026-05-05 22:15:38] error: 	z2m: Error: Failed to start EZSP layer with status=HOST_FATAL_ERROR.
    at EmberAdapter.initEzsp (/app/node_modules/.pnpm/zigbee-herdsman@10.0.7/node_modules/zigbee-herdsman/src/adapter/ember/adapter/emberAdapter.ts:666:19)
    at EmberAdapter.start (/app/node_modules/.pnpm/zigbee-herdsman@10.0.7/node_modules/zigbee-herdsman/src/adapter/ember/adapter/emberAdapter.ts:1538:24)
    at Controller.start (/app/node_modules/.pnpm/zigbee-herdsman@10.0.7/node_modules/zigbee-herdsman/src/controller/controller.ts:146:29)
    at Zigbee.start (/app/lib/zigbee.ts:70:27)
    at Controller.start (/app/lib/controller.ts:111:29)
    at start (/app/index.js:156:5)
    at triggerWatchdog (/app/index.js:36:9)
    at Controller.exit [as exitCallback] (/app/index.js:52:13)
    at Controller.exit (/app/lib/controller.ts:371:16)
    at Controller.start (/app/lib/controller.ts:136:24)
